2018/09/18 14:29:18 [router.go:797] [D] | GET        | /status                                  | 12.09108ms       | match      | /status                                  | 
2018/09/18 14:29:18 [router.go:797] [D] | GET        | /status                                  | 12.929995ms      | match      | /status                                  | 
2018/09/18 14:29:47 [router.go:797] [D] | GET        | /status                                  | 191.051µs        | match      | /status                                  | 
2018/09/18 14:29:47 [router.go:797] [D] | GET        | /status                                  | 230.439µs        | match      | /status                                  | 
2018/09/18 14:30:02 [router.go:797] [D] | GET        | /status                                  | 151.53µs         | match      | /status                                  | 
2018/09/18 14:30:02 [router.go:797] [D] | GET        | /status                                  | 859.408µs        | match      | /status                                  | 
2018/09/18 14:49:14 [router.go:797] [D] | GET        | /status                                  | 146.909µs        | match      | /status                                  | 
2018/09/18 14:49:14 [router.go:797] [D] | GET        | /status                                  | 210.837µs        | match      | /status                                  | 
2018/09/18 14:49:56 [router.go:797] [D] | GET        | /status                                  | 76.913µs         | match      | /status                                  | 
2018/09/18 14:49:56 [router.go:797] [D] | GET        | /status                                  | 188.197µs        | match      | /status                                  | 
2018/09/18 14:50:15 [router.go:797] [D] | GET        | /status                                  | 143.89µs         | match      | /status                                  | 
2018/09/18 14:50:15 [router.go:797] [D] | GET        | /status                                  | 11.696135ms      | match      | /status                                  | 
2018/09/18 14:50:29 [router.go:797] [D] | GET        | /status                                  | 80.091µs         | match      | /status                                  | 
2018/09/18 14:50:29 [router.go:797] [D] | GET        | /status                                  | 3.228357ms       | match      | /status                                  | 
2018/09/18 14:52:07 [router.go:797] [D] | GET        | /status                                  | 227.208µs        | match      | /status                                  | 
2018/09/18 14:52:07 [router.go:797] [D] | GET        | /status                                  | 252.394µs        | match      | /status                                  | 
2018/09/18 14:52:24 [router.go:797] [D] | GET        | /status                                  | 817.708µs        | match      | /status                                  | 
2018/09/18 14:52:24 [router.go:797] [D] | GET        | /status                                  | 681.747µs        | match      | /status                                  | 
2018/09/18 14:55:43 [router.go:797] [D] | GET        | /status                                  | 116.291µs        | match      | /status                                  | 
2018/09/18 14:55:44 [router.go:797] [D] | GET        | /status                                  | 150.549µs        | match      | /status                                  | 
2018/09/18 14:56:05 [router.go:797] [D] | GET        | /status                                  | 86.915µs         | match      | /status                                  | 
2018/09/18 14:56:05 [router.go:797] [D] | GET        | /status                                  | 584.441µs        | match      | /status                                  | 
2018/09/18 14:56:19 [router.go:797] [D] | GET        | /status                                  | 97.71µs          | match      | /status                                  | 
2018/09/18 14:56:19 [router.go:797] [D] | GET        | /status                                  | 212.419µs        | match      | /status                                  | 
2018/09/18 15:04:09 [router.go:797] [D] | GET        | /status                                  | 210.849µs        | match      | /status                                  | 
2018/09/18 15:04:09 [router.go:797] [D] | GET        | /status                                  | 99.821µs         | match      | /status                                  | 
2018/09/18 15:04:19 [router.go:797] [D] | GET        | /status                                  | 115.34µs         | match      | /status                                  | 
2018/09/18 15:04:19 [router.go:797] [D] | GET        | /status                                  | 195.22µs         | match      | /status                                  | 
2018/09/18 15:05:02 [router.go:797] [D] | GET        | /status                                  | 521.83µs         | match      | /status                                  | 
2018/09/18 15:05:02 [router.go:797] [D] | GET        | /status                                  | 412.898µs        | match      | /status                                  | 
2018/09/18 15:06:28 [router.go:797] [D] | GET        | /status                                  | 107.842µs        | match      | /status                                  | 
2018/09/18 15:06:28 [router.go:797] [D] | GET        | /status                                  | 208.961µs        | match      | /status                                  | 
2018/09/18 15:26:41 [router.go:797] [D] | GET        | /status                                  | 172.751µs        | match      | /status                                  | 
2018/09/18 15:26:41 [router.go:797] [D] | GET        | /status                                  | 719.387µs        | match      | /status                                  | 
2018/09/18 15:37:02 [router.go:797] [D] | GET        | /status                                  | 133.754µs        | match      | /status                                  | 
2018/09/18 15:37:02 [router.go:797] [D] | GET        | /status                                  | 174.01µs         | match      | /status                                  | 
2018/09/18 15:37:51 [router.go:797] [D] | GET        | /status                                  | 95.748µs         | match      | /status                                  | 
2018/09/18 15:37:51 [router.go:797] [D] | GET        | /status                                  | 202.101µs        | match      | /status                                  | 
2018/09/18 15:38:09 [router.go:797] [D] | GET        | /status                                  | 106.199µs        | match      | /status                                  | 
2018/09/18 15:38:09 [router.go:797] [D] | GET        | /status                                  | 173.521µs        | match      | /status                                  | 
2018/09/18 15:39:08 [router.go:797] [D] | GET        | /status                                  | 94.557µs         | match      | /status                                  | 
2018/09/18 15:39:08 [router.go:797] [D] | GET        | /status                                  | 176.452µs        | match      | /status                                  | 
2018/09/18 15:40:30 [router.go:797] [D] | GET        | /status                                  | 73.884µs         | match      | /status                                  | 
2018/09/18 15:40:30 [router.go:797] [D] | GET        | /status                                  | 166.358µs        | match      | /status                                  | 
2018/09/18 15:42:34 [router.go:797] [D] | GET        | /status                                  | 97.607µs         | match      | /status                                  | 
2018/09/18 15:42:34 [router.go:797] [D] | GET        | /status                                  | 152.455µs        | match      | /status                                  | 
2018/09/18 15:42:53 [router.go:797] [D] | GET        | /status                                  | 239.684µs        | match      | /status                                  | 
2018/09/18 15:42:53 [router.go:797] [D] | GET        | /status                                  | 228.538µs        | match      | /status                                  | 
2018/09/18 15:43:13 [router.go:797] [D] | GET        | /status                                  | 1.612606ms       | match      | /status                                  | 
2018/09/18 15:43:13 [router.go:797] [D] | GET        | /status                                  | 227.363µs        | match      | /status                                  | 
2018/09/18 15:44:06 [router.go:797] [D] | GET        | /status                                  | 78.559µs         | match      | /status                                  | 
2018/09/18 15:44:06 [router.go:797] [D] | GET        | /status                                  | 145.916µs        | match      | /status                                  | 
2018/09/18 15:44:28 [router.go:797] [D] | GET        | /status                                  | 95.382µs         | match      | /status                                  | 
2018/09/18 15:44:28 [router.go:797] [D] | GET        | /status                                  | 142.365µs        | match      | /status                                  | 
2018/09/18 15:46:49 [router.go:797] [D] | GET        | /status                                  | 75.121µs         | match      | /status                                  | 
2018/09/18 15:46:49 [router.go:797] [D] | GET        | /status                                  | 165.786µs        | match      | /status                                  | 
2018/09/18 15:51:34 [router.go:797] [D] | GET        | /status                                  | 99.294µs         | match      | /status                                  | 
2018/09/18 15:51:34 [router.go:797] [D] | GET        | /status                                  | 181.451µs        | match      | /status                                  | 
2018/09/18 15:51:52 [router.go:797] [D] | GET        | /status                                  | 79.313µs         | match      | /status                                  | 
2018/09/18 15:51:52 [router.go:797] [D] | GET        | /status                                  | 209.717µs        | match      | /status                                  | 
2018/09/18 15:52:30 [router.go:797] [D] | GET        | /status                                  | 254.217µs        | match      | /status                                  | 
2018/09/18 15:52:30 [router.go:797] [D] | GET        | /status                                  | 362.393µs        | match      | /status                                  | 
2018/09/18 15:55:52 [router.go:797] [D] | GET        | /status                                  | 103.036µs        | match      | /status                                  | 
2018/09/18 15:55:52 [router.go:797] [D] | GET        | /status                                  | 131.532µs        | match      | /status                                  | 
2018/09/18 15:56:37 [router.go:797] [D] | GET        | /status                                  | 87.46µs          | match      | /status                                  | 
2018/09/18 15:56:37 [router.go:797] [D] | GET        | /status                                  | 156.993µs        | match      | /status                                  | 
2018/09/18 15:59:41 [router.go:797] [D] | GET        | /status                                  | 123.613µs        | match      | /status                                  | 
2018/09/18 15:59:41 [router.go:797] [D] | GET        | /status                                  | 142.877µs        | match      | /status                                  | 
2018/09/18 16:00:14 [router.go:797] [D] | GET        | /status                                  | 1.527713ms       | match      | /status                                  | 
2018/09/18 16:00:14 [router.go:797] [D] | GET        | /status                                  | 174.158µs        | match      | /status                                  | 
2018/09/18 16:00:53 [router.go:797] [D] | GET        | /status                                  | 400.965µs        | match      | /status                                  | 
2018/09/18 16:00:53 [router.go:797] [D] | GET        | /status                                  | 895.756µs        | match      | /status                                  | 
2018/09/18 16:01:29 [router.go:797] [D] | GET        | /status                                  | 1.110942ms       | match      | /status                                  | 
2018/09/18 16:01:29 [router.go:797] [D] | GET        | /status                                  | 1.160949ms       | match      | /status                                  | 
2018/09/18 16:01:34 [router.go:797] [D] | GET        | /status                                  | 125.597µs        | match      | /status                                  | 
2018/09/18 16:01:34 [router.go:797] [D] | GET        | /status                                  | 171.943µs        | match      | /status                                  | 
2018/09/18 16:09:44 [router.go:797] [D] | GET        | /status                                  | 371.665µs        | match      | /status                                  | 
2018/09/18 16:09:44 [router.go:797] [D] | GET        | /status                                  | 350.065µs        | match      | /status                                  | 
2018/09/18 16:10:42 [router.go:797] [D] | GET        | /status                                  | 96.639µs         | match      | /status                                  | 
2018/09/18 16:10:42 [router.go:797] [D] | GET        | /status                                  | 144.063µs        | match      | /status                                  | 
2018/09/18 16:11:49 [router.go:797] [D] | GET        | /status                                  | 178.044µs        | match      | /status                                  | 
2018/09/18 16:11:49 [router.go:797] [D] | GET        | /status                                  | 80.703µs         | match      | /status                                  | 
2018/09/18 16:12:37 [router.go:797] [D] | GET        | /status                                  | 85.446µs         | match      | /status                                  | 
2018/09/18 16:12:37 [router.go:797] [D] | GET        | /status                                  | 197.602µs        | match      | /status                                  | 
2018/09/18 16:15:02 [router.go:797] [D] | GET        | /status                                  | 85.967µs         | match      | /status                                  | 
2018/09/18 16:15:02 [router.go:797] [D] | GET        | /status                                  | 135.488µs        | match      | /status                                  | 
2018/09/18 16:15:11 [router.go:797] [D] | GET        | /status                                  | 113.737µs        | match      | /status                                  | 
2018/09/18 16:15:11 [router.go:797] [D] | GET        | /status                                  | 185.057µs        | match      | /status                                  | 
2018/09/18 16:36:06 [router.go:797] [D] | GET        | /status                                  | 287.825µs        | match      | /status                                  | 
2018/09/18 16:36:06 [router.go:797] [D] | GET        | /status                                  | 222.546µs        | match      | /status                                  | 
2018/09/18 17:39:27 [router.go:797] [D] | GET        | /status                                  | 159.107µs        | match      | /status                                  | 
2018/09/18 17:39:27 [router.go:797] [D] | GET        | /status                                  | 905.89µs         | match      | /status                                  | 
2018/09/18 17:39:57 [router.go:797] [D] | GET        | /status                                  | 296.899µs        | match      | /status                                  | 
2018/09/18 17:39:57 [router.go:797] [D] | GET        | /status                                  | 1.061884ms       | match      | /status                                  | 
2018/09/18 17:42:44 [router.go:797] [D] | GET        | /status                                  | 747.949µs        | match      | /status                                  | 
2018/09/18 17:42:44 [router.go:797] [D] | GET        | /status                                  | 2.344589ms       | match      | /status                                  | 
2018/09/18 17:48:57 [router.go:797] [D] | GET        | /status                                  | 155.218µs        | match      | /status                                  | 
2018/09/18 17:48:57 [router.go:797] [D] | GET        | /status                                  | 195.845µs        | match      | /status                                  | 
2018/09/18 17:49:16 [router.go:797] [D] | GET        | /status                                  | 123.107µs        | match      | /status                                  | 
2018/09/18 17:49:16 [router.go:797] [D] | GET        | /status                                  | 269.323µs        | match      | /status                                  | 
2018/09/18 17:49:43 [router.go:797] [D] | GET        | /status                                  | 94.79µs          | match      | /status                                  | 
2018/09/18 17:49:43 [router.go:797] [D] | GET        | /status                                  | 735.59µs         | match      | /status                                  | 
2018/09/18 18:08:05 [router.go:797] [D] | GET        | /status                                  | 1.606596ms       | match      | /status                                  | 
2018/09/18 18:08:06 [router.go:797] [D] | GET        | /status                                  | 545.179µs        | match      | /status                                  | 
2018/09/18 18:08:57 [router.go:797] [D] | GET        | /status                                  | 171.251µs        | match      | /status                                  | 
2018/09/18 18:08:57 [router.go:797] [D] | GET        | /status                                  | 991.357µs        | match      | /status                                  | 
